<?xml version="1.0" encoding="UTF-8"?>
<testng-results ignored="0" total="4" passed="4" failed="0" skipped="0">
  <reporter-output>
  </reporter-output>
  <suite started-at="2024-12-06T20:22:28 EET" name="Default Suite" finished-at="2024-12-06T20:22:45 EET" duration-ms="17307">
    <groups>
    </groups>
    <test started-at="2024-12-06T20:22:28 EET" name="StcTv" finished-at="2024-12-06T20:22:45 EET" duration-ms="17307">
      <class name="test_cases.TC01">
        <test-method is-config="true" signature="setUp()[pri:0, instance:test_cases.TC01@5dd6264]" started-at="2024-12-06T20:22:28 EET" name="setUp" finished-at="2024-12-06T20:22:39 EET" duration-ms="11483" status="PASS">
          <reporter-output>
          </reporter-output>
        </test-method> <!-- setUp -->
        <test-method signature="Click_On_Country_Menu()[pri:0, instance:test_cases.TC01@5dd6264]" started-at="2024-12-06T20:22:39 EET" name="Click_On_Country_Menu" finished-at="2024-12-06T20:22:39 EET" duration-ms="109" status="PASS">
          <reporter-output>
          </reporter-output>
        </test-method> <!-- Click_On_Country_Menu -->
        <test-method signature="Click_On_Egypt()[pri:0, instance:test_cases.TC01@5dd6264]" started-at="2024-12-06T20:22:39 EET" name="Click_On_Egypt" finished-at="2024-12-06T20:22:41 EET" duration-ms="2236" status="PASS">
          <reporter-output>
          </reporter-output>
        </test-method> <!-- Click_On_Egypt -->
        <test-method signature="Click_On_Lebanon()[pri:0, instance:test_cases.TC01@5dd6264]" started-at="2024-12-06T20:22:41 EET" name="Click_On_Lebanon" finished-at="2024-12-06T20:22:43 EET" duration-ms="1641" status="PASS">
          <reporter-output>
          </reporter-output>
        </test-method> <!-- Click_On_Lebanon -->
        <test-method signature="Click_On_UAE()[pri:0, instance:test_cases.TC01@5dd6264]" started-at="2024-12-06T20:22:43 EET" name="Click_On_UAE" finished-at="2024-12-06T20:22:45 EET" duration-ms="1687" status="PASS">
          <reporter-output>
          </reporter-output>
        </test-method> <!-- Click_On_UAE -->
        <test-method is-config="true" signature="Tear_down()[pri:0, instance:test_cases.TC01@5dd6264]" started-at="2024-12-06T20:22:45 EET" name="Tear_down" finished-at="2024-12-06T20:22:45 EET" duration-ms="124" status="PASS">
          <reporter-output>
          </reporter-output>
        </test-method> <!-- Tear_down -->
      </class> <!-- test_cases.TC01 -->
    </test> <!-- StcTv -->
  </suite> <!-- Default Suite -->
</testng-results>
